<?xml version="1.0" encoding="UTF-8"?>
<testsuite xmlns:xsi="http://www.w3.org/2001/XMLSchema-instance" xsi:noNamespaceSchemaLocation="https://maven.apache.org/surefire/maven-surefire-plugin/xsd/surefire-test-report-3.0.xsd" version="3.0" name="com.prueba.SETI.domain.useCase.updatenamefranchise.UpdateNameFranchiseUseCaseTest" time="0.024" tests="3" errors="0" skipped="0" failures="0">
  <properties>
[...]
</properties>
  <testcase name="shouldFailWhenNameIsEmpty" classname="com.prueba.SETI.domain.useCase.updatenamefranchise.UpdateNameFranchiseUseCaseTest" time="0.004"/>
  <testcase name="shouldUpdateFranchiseNameSuccessfully" classname="com.prueba.SETI.domain.useCase.updatenamefranchise.UpdateNameFranchiseUseCaseTest" time="0.008"/>
  <testcase name="shouldFailWhenFranchiseNotFound" classname="com.prueba.SETI.domain.useCase.updatenamefranchise.UpdateNameFranchiseUseCaseTest" time="0.006"/>
</testsuite>